<?xml version="1.0" encoding="UTF-8"?>
<!-- Generated by org.testng.reporters.JUnitReportReporter -->
<testsuite hostname="LAPTOP-A39R353N" failures="0" tests="10" name="co.capstone.runner.Runner" time="116.564" errors="0" timestamp="2022-06-13T19:16:14 IST" skipped="0">
  <testcase classname="co.capstone.runner.Runner" name="featue" time="12.123"/>
  <system-out/>
  <testcase classname="co.capstone.runner.Runner" name="featue" time="7.640"/>
  <system-out/>
  <testcase classname="co.capstone.runner.Runner" name="featue" time="15.648"/>
  <system-out/>
  <testcase classname="co.capstone.runner.Runner" name="featue" time="14.289"/>
  <system-out/>
  <testcase classname="co.capstone.runner.Runner" name="featue" time="7.629"/>
  <system-out/>
  <testcase classname="co.capstone.runner.Runner" name="featue" time="11.528"/>
  <system-out/>
  <testcase classname="co.capstone.runner.Runner" name="featue" time="11.613"/>
  <system-out/>
  <testcase classname="co.capstone.runner.Runner" name="featue" time="8.306"/>
  <system-out/>
  <testcase classname="co.capstone.runner.Runner" name="featue" time="13.347"/>
  <system-out/>
  <testcase classname="co.capstone.runner.Runner" name="featue" time="14.441"/>
  <system-out/>
</testsuite> <!-- co.capstone.runner.Runner -->
