<?xml version="1.0" encoding="UTF-8"?>
<!-- Generated by org.testng.reporters.JUnitReportReporter -->
<testsuite hostname="LAPTOP-A39R353N" failures="0" tests="10" name="co.capstone.runner.Runner" time="188.168" errors="0" timestamp="2022-06-19T00:51:48 IST" skipped="0">
  <testcase classname="co.capstone.runner.Runner" name="featue" time="17.416"/>
  <system-out/>
  <testcase classname="co.capstone.runner.Runner" name="featue" time="15.999"/>
  <system-out/>
  <testcase classname="co.capstone.runner.Runner" name="featue" time="21.470"/>
  <system-out/>
  <testcase classname="co.capstone.runner.Runner" name="featue" time="13.521"/>
  <system-out/>
  <testcase classname="co.capstone.runner.Runner" name="featue" time="15.482"/>
  <system-out/>
  <testcase classname="co.capstone.runner.Runner" name="featue" time="16.794"/>
  <system-out/>
  <testcase classname="co.capstone.runner.Runner" name="featue" time="27.019"/>
  <system-out/>
  <testcase classname="co.capstone.runner.Runner" name="featue" time="21.982"/>
  <system-out/>
  <testcase classname="co.capstone.runner.Runner" name="featue" time="15.941"/>
  <system-out/>
  <testcase classname="co.capstone.runner.Runner" name="featue" time="22.544"/>
  <system-out/>
</testsuite> <!-- co.capstone.runner.Runner -->
