<?xml version="1.0" encoding="UTF-8"?>
<!-- Generated by org.testng.reporters.JUnitReportReporter -->
<testsuite hostname="LAPTOP-A39R353N" failures="0" tests="5" name="co.capstone.runner.Runner" time="53.427" errors="0" timestamp="2022-06-12T00:31:54 IST" skipped="0">
  <testcase classname="co.capstone.runner.Runner" name="featue" time="12.584"/>
  <system-out/>
  <testcase classname="co.capstone.runner.Runner" name="featue" time="7.178"/>
  <system-out/>
  <testcase classname="co.capstone.runner.Runner" name="featue" time="16.143"/>
  <system-out/>
  <testcase classname="co.capstone.runner.Runner" name="featue" time="7.566"/>
  <system-out/>
  <testcase classname="co.capstone.runner.Runner" name="featue" time="9.956"/>
  <system-out/>
</testsuite> <!-- co.capstone.runner.Runner -->
